[0612/122604.844:ERROR:process_reader_win.cc(123)] NtOpenThread: {Access Denied} A process has requested access to an object, but has not been granted those access rights. (0xc0000022)
[0612/122604.923:ERROR:exception_snapshot_win.cc(98)] thread ID 4544 not found in process
[0612/122604.936:ERROR:scoped_process_suspend.cc(40)] NtResumeProcess: An attempt was made to access an exiting process. (0xc000010a)
[0614/222737.201:ERROR:process_info.cc(118)] ReadProcessMemory bool __cdecl crashpad::(anonymous namespace)::ReadStruct(HANDLE, crashpad::WinVMAddress, T *) [T = crashpad::process_types::PEB<crashpad::process_types::internal::Traits64>]: Only part of a ReadProcessMemory or WriteProcessMemory request was completed. (0x12B)
[0617/140326.100:ERROR:process_reader_win.cc(151)] SuspendThread: Access is denied. (0x5)
[0617/140326.160:ERROR:process_reader_win.cc(151)] SuspendThread: Access is denied. (0x5)
[0617/140326.160:ERROR:process_reader_win.cc(151)] SuspendThread: Access is denied. (0x5)
[0617/140326.160:ERROR:process_reader_win.cc(151)] SuspendThread: Access is denied. (0x5)
[0617/140326.160:ERROR:process_reader_win.cc(151)] SuspendThread: Access is denied. (0x5)
[0617/140326.160:ERROR:process_reader_win.cc(151)] SuspendThread: Access is denied. (0x5)
[0617/140326.160:ERROR:process_reader_win.cc(151)] SuspendThread: Access is denied. (0x5)
[0617/140326.160:ERROR:process_reader_win.cc(151)] SuspendThread: Access is denied. (0x5)
[0617/140326.160:ERROR:process_reader_win.cc(151)] SuspendThread: Access is denied. (0x5)
[0617/140326.160:ERROR:process_reader_win.cc(151)] SuspendThread: Access is denied. (0x5)
[0617/140326.161:ERROR:process_reader_win.cc(151)] SuspendThread: Access is denied. (0x5)
[0617/140326.161:ERROR:process_reader_win.cc(123)] NtOpenThread: {Access Denied} A process has requested access to an object, but has not been granted those access rights. (0xc0000022)
[0617/140326.214:ERROR:exception_snapshot_win.cc(98)] thread ID 4968 not found in process
[0618/211037.944:ERROR:process_reader_win.cc(151)] SuspendThread: Access is denied. (0x5)
[0618/211037.990:ERROR:process_reader_win.cc(151)] SuspendThread: Access is denied. (0x5)
[0618/211038.003:ERROR:process_reader_win.cc(151)] SuspendThread: Access is denied. (0x5)
[0618/211038.003:ERROR:process_reader_win.cc(151)] SuspendThread: Access is denied. (0x5)
[0618/211038.004:ERROR:process_reader_win.cc(123)] NtOpenThread: {Access Denied} A process has requested access to an object, but has not been granted those access rights. (0xc0000022)
[0618/211038.036:ERROR:exception_snapshot_win.cc(98)] thread ID 7080 not found in process
[0618/211038.003:ERROR:process_reader_win.cc(123)] NtOpenThread: {Access Denied} A process has requested access to an object, but has not been granted those access rights. (0xc0000022)
[0618/211038.037:ERROR:exception_snapshot_win.cc(98)] thread ID 1772 not found in process
[0713/223431.678:ERROR:process_reader_win.cc(123)] NtOpenThread: {Access Denied} A process has requested access to an object, but has not been granted those access rights. (0xc0000022)
[0713/223432.083:ERROR:exception_snapshot_win.cc(98)] thread ID 6712 not found in process
[0714/220243.708:ERROR:process_reader_win.cc(123)] NtOpenThread: {Access Denied} A process has requested access to an object, but has not been granted those access rights. (0xc0000022)
[0714/220244.246:ERROR:exception_snapshot_win.cc(98)] thread ID 1012 not found in process
[0719/220918.482:ERROR:process_reader_win.cc(123)] NtOpenThread: {Access Denied} A process has requested access to an object, but has not been granted those access rights. (0xc0000022)
[0719/220918.307:ERROR:process_reader_win.cc(123)] NtOpenThread: {Access Denied} A process has requested access to an object, but has not been granted those access rights. (0xc0000022)
[0719/220918.549:ERROR:process_reader_win.cc(123)] NtOpenThread: {Access Denied} A process has requested access to an object, but has not been granted those access rights. (0xc0000022)
[0719/220919.312:ERROR:exception_snapshot_win.cc(98)] thread ID 2196 not found in process
[0719/220918.404:ERROR:process_reader_win.cc(123)] NtOpenThread: {Access Denied} A process has requested access to an object, but has not been granted those access rights. (0xc0000022)
[0719/220918.307:ERROR:process_reader_win.cc(123)] NtOpenThread: {Access Denied} A process has requested access to an object, but has not been granted those access rights. (0xc0000022)
[0719/220918.450:ERROR:process_reader_win.cc(123)] NtOpenThread: {Access Denied} A process has requested access to an object, but has not been granted those access rights. (0xc0000022)
[0719/220919.332:ERROR:exception_snapshot_win.cc(98)] thread ID 2428 not found in process
[0719/220919.313:ERROR:exception_snapshot_win.cc(98)] thread ID 7464 not found in process
[0719/220919.332:ERROR:exception_snapshot_win.cc(98)] thread ID 8860 not found in process
[0719/220919.334:ERROR:exception_snapshot_win.cc(98)] thread ID 7868 not found in process
[0719/220919.313:ERROR:exception_snapshot_win.cc(98)] thread ID 8904 not found in process
[0720/222038.136:ERROR:process_reader_win.cc(123)] NtOpenThread: {Access Denied} A process has requested access to an object, but has not been granted those access rights. (0xc0000022)
[0720/222038.522:ERROR:exception_snapshot_win.cc(98)] thread ID 5668 not found in process
[0721/223444.235:ERROR:process_reader_win.cc(123)] NtOpenThread: {Access Denied} A process has requested access to an object, but has not been granted those access rights. (0xc0000022)
[0721/223444.235:ERROR:process_reader_win.cc(123)] NtOpenThread: {Access Denied} A process has requested access to an object, but has not been granted those access rights. (0xc0000022)
[0721/223444.235:ERROR:process_reader_win.cc(123)] NtOpenThread: {Access Denied} A process has requested access to an object, but has not been granted those access rights. (0xc0000022)
[0721/223444.235:ERROR:process_reader_win.cc(123)] NtOpenThread: {Access Denied} A process has requested access to an object, but has not been granted those access rights. (0xc0000022)
[0721/223444.544:ERROR:exception_snapshot_win.cc(98)] thread ID 8676 not found in process
[0721/223444.545:ERROR:exception_snapshot_win.cc(98)] thread ID 2700 not found in process
[0721/223444.545:ERROR:exception_snapshot_win.cc(98)] thread ID 1196 not found in process
[0721/223444.545:ERROR:exception_snapshot_win.cc(98)] thread ID 8992 not found in process
[0725/221833.069:ERROR:process_reader_win.cc(123)] NtOpenThread: {Access Denied} A process has requested access to an object, but has not been granted those access rights. (0xc0000022)
[0725/221834.010:ERROR:exception_snapshot_win.cc(98)] thread ID 2104 not found in process
[0726/185542.880:ERROR:process_reader_win.cc(123)] NtOpenThread: {Access Denied} A process has requested access to an object, but has not been granted those access rights. (0xc0000022)
[0726/185543.544:ERROR:exception_snapshot_win.cc(98)] thread ID 3192 not found in process
[0726/220917.029:ERROR:process_reader_win.cc(123)] NtOpenThread: {Access Denied} A process has requested access to an object, but has not been granted those access rights. (0xc0000022)
[0726/220916.636:ERROR:process_reader_win.cc(123)] NtOpenThread: {Access Denied} A process has requested access to an object, but has not been granted those access rights. (0xc0000022)
[0726/220917.016:ERROR:process_reader_win.cc(123)] NtOpenThread: {Access Denied} A process has requested access to an object, but has not been granted those access rights. (0xc0000022)
[0726/220916.636:ERROR:process_reader_win.cc(123)] NtOpenThread: {Access Denied} A process has requested access to an object, but has not been granted those access rights. (0xc0000022)
[0726/220917.798:ERROR:exception_snapshot_win.cc(98)] thread ID 4544 not found in process
[0726/220917.798:ERROR:exception_snapshot_win.cc(98)] thread ID 7064 not found in process
[0726/220916.636:ERROR:process_reader_win.cc(123)] NtOpenThread: {Access Denied} A process has requested access to an object, but has not been granted those access rights. (0xc0000022)
[0726/220917.799:ERROR:exception_snapshot_win.cc(98)] thread ID 1096 not found in process
[0726/220917.805:ERROR:exception_snapshot_win.cc(98)] thread ID 5036 not found in process
[0726/220917.798:ERROR:exception_snapshot_win.cc(98)] thread ID 8996 not found in process
